<?xml version="1.0" encoding="UTF-8"?>
<testng-results ignored="0" total="9" passed="9" failed="0" skipped="0">
  <reporter-output>
  </reporter-output>
  <suite started-at="2024-06-05T00:07:46 IST" name="Default suite" finished-at="2024-06-05T00:07:57 IST" duration-ms="11204">
    <groups>
    </groups>
    <test started-at="2024-06-05T00:07:46 IST" name="Default test" finished-at="2024-06-05T00:07:57 IST" duration-ms="11204">
      <class name="Test.Viewreport_Test">
        <test-method is-config="true" signature="setup()[pri:0, instance:Test.Viewreport_Test@2aceadd4]" started-at="2024-06-05T00:07:45 IST" name="setup" finished-at="2024-06-05T00:07:46 IST" duration-ms="1720" status="PASS">
          <reporter-output>
          </reporter-output>
        </test-method> <!-- setup -->
        <test-method signature="login_TestCase_without_entering_credentials()[pri:1, instance:Test.Viewreport_Test@2aceadd4]" started-at="2024-06-05T00:07:46 IST" name="login_TestCase_without_entering_credentials" finished-at="2024-06-05T00:07:46 IST" duration-ms="53" status="PASS">
          <reporter-output>
          </reporter-output>
        </test-method> <!-- login_TestCase_without_entering_credentials -->
        <test-method signature="login_TestCase_validUsername_validPassword()[pri:2, instance:Test.Viewreport_Test@2aceadd4]" started-at="2024-06-05T00:07:46 IST" name="login_TestCase_validUsername_validPassword" finished-at="2024-06-05T00:07:51 IST" duration-ms="4639" status="PASS">
          <reporter-output>
          </reporter-output>
        </test-method> <!-- login_TestCase_validUsername_validPassword -->
        <test-method signature="Perform_Reports()[pri:3, instance:Test.Viewreport_Test@2aceadd4]" started-at="2024-06-05T00:07:51 IST" name="Perform_Reports" finished-at="2024-06-05T00:07:54 IST" duration-ms="3289" status="PASS">
          <reporter-output>
          </reporter-output>
        </test-method> <!-- Perform_Reports -->
        <test-method signature="Switch_to_iframe_Access_Select_drop_Id()[pri:4, instance:Test.Viewreport_Test@2aceadd4]" started-at="2024-06-05T00:07:54 IST" name="Switch_to_iframe_Access_Select_drop_Id" finished-at="2024-06-05T00:07:55 IST" duration-ms="306" status="PASS">
          <reporter-output>
          </reporter-output>
        </test-method> <!-- Switch_to_iframe_Access_Select_drop_Id -->
        <test-method signature="EnterId_Search_for_textBox()[pri:5, instance:Test.Viewreport_Test@2aceadd4]" started-at="2024-06-05T00:07:55 IST" name="EnterId_Search_for_textBox" finished-at="2024-06-05T00:07:55 IST" duration-ms="145" status="PASS">
          <reporter-output>
          </reporter-output>
        </test-method> <!-- EnterId_Search_for_textBox -->
        <test-method signature="Click_Search_Button_Access_Id()[pri:6, instance:Test.Viewreport_Test@2aceadd4]" started-at="2024-06-05T00:07:55 IST" name="Click_Search_Button_Access_Id" finished-at="2024-06-05T00:07:57 IST" duration-ms="2299" status="PASS">
          <reporter-output>
          </reporter-output>
        </test-method> <!-- Click_Search_Button_Access_Id -->
        <test-method signature="Click_Reset_Button_Clear_Id()[pri:7, instance:Test.Viewreport_Test@2aceadd4]" started-at="2024-06-05T00:07:57 IST" name="Click_Reset_Button_Clear_Id" finished-at="2024-06-05T00:07:57 IST" duration-ms="134" status="PASS">
          <reporter-output>
          </reporter-output>
        </test-method> <!-- Click_Reset_Button_Clear_Id -->
        <test-method signature="Click_Link_Text_newrpoet()[pri:8, instance:Test.Viewreport_Test@2aceadd4]" started-at="2024-06-05T00:07:57 IST" name="Click_Link_Text_newrpoet" finished-at="2024-06-05T00:07:57 IST" duration-ms="140" status="PASS">
          <reporter-output>
          </reporter-output>
        </test-method> <!-- Click_Link_Text_newrpoet -->
        <test-method signature="Click_Back_Button_Reverse_View_ReportEmployee()[pri:9, instance:Test.Viewreport_Test@2aceadd4]" started-at="2024-06-05T00:07:57 IST" name="Click_Back_Button_Reverse_View_ReportEmployee" finished-at="2024-06-05T00:07:57 IST" duration-ms="135" status="PASS">
          <reporter-output>
          </reporter-output>
        </test-method> <!-- Click_Back_Button_Reverse_View_ReportEmployee -->
      </class> <!-- Test.Viewreport_Test -->
    </test> <!-- Default test -->
  </suite> <!-- Default suite -->
</testng-results>
