<?xml version="1.0" encoding="UTF-8"?>
<!-- Generated by org.testng.reporters.JUnitXMLReporter -->
<testsuite ignored="0" hostname="LAPTOP-1EUDJA5S" failures="0" tests="9" name="Default test" time="11.315" errors="0" timestamp="2024-06-02T19:30:26 IST">
  <testcase classname="Test.Viewreport_Test" name="login_TestCase_without_entering_credentials" time="0.063"/>
  <testcase classname="Test.Viewreport_Test" name="login_TestCase_validUsername_validPassword" time="4.618"/>
  <testcase classname="Test.Viewreport_Test" name="Perform_Reports" time="3.293"/>
  <testcase classname="Test.Viewreport_Test" name="Switch_to_iframe_Access_Select_drop_Id" time="0.377"/>
  <testcase classname="Test.Viewreport_Test" name="EnterId_Search_for_textBox" time="0.222"/>
  <testcase classname="Test.Viewreport_Test" name="Click_Search_Button_Access_Id" time="1.924"/>
  <testcase classname="Test.Viewreport_Test" name="Click_Reset_Button_Clear_Id" time="0.205"/>
  <testcase classname="Test.Viewreport_Test" name="Click_Link_Text_newrpoet" time="0.238"/>
  <testcase classname="Test.Viewreport_Test" name="Click_Back_Button_Reverse_View_ReportEmployee" time="0.26"/>
</testsuite> <!-- Default test -->
